[0m[0m00:00:00,004 INFO  [stdout] (DefaultQuartzScheduler_Worker-2)  [UserDelete Job] User Deletion Job Start !! 
[0m[0m00:00:00,005 INFO  [stdout] (DefaultQuartzScheduler_Worker-2) Now : Mon Jan 25 00:00:00 KST 2021
[0m[0m00:00:00,005 INFO  [stdout] (DefaultQuartzScheduler_Worker-2)  [HyperAuth] Login as Admin Service
[0m[0m00:00:00,008 INFO  [stdout] (DefaultQuartzScheduler_Worker-2)  [UserDelete Job] HyperAuth Not Ready yet 
[0m[0m00:00:00,008 INFO  [stdout] (DefaultQuartzScheduler_Worker-2)  [UserDelete Job] User Deletion Job Finish !! 
[0m[0m09:35:01,858 INFO  [stdout] (default task-26) otpEnabled From Attribute : null, user [ admin@tmax.co.kr ]
[0m[0m09:35:01,858 INFO  [stdout] (default task-26) Bypassing OTP Authenticator since user [ admin@tmax.co.kr ] has not set OTP Authenticator
[0m[0m09:35:01,861 INFO  [com.tmax.hyperauth.eventlistener.provider.HyperauthEventListenerProvider] (default task-26) Event Occurred:type=LOGIN, realmId=tmax, clientId=hypercloud4, userId=3c2f0ab5-5c6e-4739-b9db-877ebcfbcd29, ipAddress=192.168.6.115, sessionId=27bc558f-f5cd-40e6-858c-d66fac8e5605, time=1611534901860, auth_method=openid-connect, auth_type=code, redirect_uri=https://192.168.6.148/, consent=no_consent_required, code_id=27bc558f-f5cd-40e6-858c-d66fac8e5605, username=admin@tmax.co.kr
[0m[0m09:35:01,861 INFO  [org.apache.kafka.clients.producer.ProducerConfig] (default task-26) ProducerConfig values: 
	acks = 1
	batch.size = 16384
	bootstrap.servers = [kafka-1.hyperauth:9092, kafka-2.hyperauth:9092, kafka-3.hyperauth:9092]
	buffer.memory = 33554432
	client.dns.lookup = use_all_dns_ips
	client.id = producer-9
	compression.type = none
	connections.max.idle.ms = 540000
	delivery.timeout.ms = 120000
	enable.idempotence = false
	interceptor.classes = []
	internal.auto.downgrade.txn.commit = false
	key.serializer = class org.apache.kafka.common.serialization.StringSerializer
	linger.ms = 0
	max.block.ms = 60000
	max.in.flight.requests.per.connection = 5
	max.request.size = 1048576
	metadata.max.age.ms = 300000
	metadata.max.idle.ms = 300000
	metric.reporters = []
	metrics.num.samples = 2
	metrics.recording.level = INFO
	metrics.sample.window.ms = 30000
	partitioner.class = class org.apache.kafka.clients.producer.internals.DefaultPartitioner
	receive.buffer.bytes = 32768
	reconnect.backoff.max.ms = 1000
	reconnect.backoff.ms = 50
	request.timeout.ms = 30000
	retries = 2147483647
	retry.backoff.ms = 100
	sasl.client.callback.handler.class = null
	sasl.jaas.config = null
	sasl.kerberos.kinit.cmd = /usr/bin/kinit
	sasl.kerberos.min.time.before.relogin = 60000
	sasl.kerberos.service.name = null
	sasl.kerberos.ticket.renew.jitter = 0.05
	sasl.kerberos.ticket.renew.window.factor = 0.8
	sasl.login.callback.handler.class = null
	sasl.login.class = null
	sasl.login.refresh.buffer.seconds = 300
	sasl.login.refresh.min.period.seconds = 60
	sasl.login.refresh.window.factor = 0.8
	sasl.login.refresh.window.jitter = 0.05
	sasl.mechanism = GSSAPI
	security.protocol = SSL
	security.providers = null
	send.buffer.bytes = 131072
	ssl.cipher.suites = null
	ssl.enabled.protocols = [TLSv1.2, TLSv1.3]
	ssl.endpoint.identification.algorithm = https
	ssl.engine.factory.class = null
	ssl.key.password = [hidden]
	ssl.keymanager.algorithm = SunX509
	ssl.keystore.location = /etc/x509/kafka/hyperauth.keystore.jks
	ssl.keystore.password = [hidden]
	ssl.keystore.type = JKS
	ssl.protocol = TLSv1.3
	ssl.provider = null
	ssl.secure.random.implementation = null
	ssl.trustmanager.algorithm = PKIX
	ssl.truststore.location = /etc/x509/kafka/hyperauth.truststore.jks
	ssl.truststore.password = [hidden]
	ssl.truststore.type = JKS
	transaction.timeout.ms = 60000
	transactional.id = null
	value.serializer = class org.apache.kafka.common.serialization.StringSerializer

[0m[0m09:35:01,868 INFO  [org.apache.kafka.common.utils.AppInfoParser] (default task-26) Kafka version: 2.6.0
[0m[0m09:35:01,869 INFO  [org.apache.kafka.common.utils.AppInfoParser] (default task-26) Kafka commitId: 62abe01bee039651
[0m[0m09:35:01,869 INFO  [org.apache.kafka.common.utils.AppInfoParser] (default task-26) Kafka startTimeMs: 1611534901868
[0m[0m09:35:01,892 INFO  [org.apache.kafka.clients.Metadata] (kafka-producer-network-thread | producer-9) [Producer clientId=producer-9] Cluster ID: oLfUg2qVQRGOyeGus8SRQQ
[0m[0m09:35:01,910 INFO  [org.apache.kafka.clients.producer.KafkaProducer] (Thread-136) [Producer clientId=producer-9] Closing the Kafka producer with timeoutMillis = 9223372036854775807 ms.
[0m[0m09:35:02,549 INFO  [com.tmax.hyperauth.eventlistener.provider.HyperauthEventListenerProvider] (default task-26) Event Occurred:type=CODE_TO_TOKEN, realmId=tmax, clientId=hypercloud4, userId=3c2f0ab5-5c6e-4739-b9db-877ebcfbcd29, ipAddress=192.168.6.115, sessionId=27bc558f-f5cd-40e6-858c-d66fac8e5605, time=1611534902549, token_id=4f88cc0b-a2db-4959-9262-f6169e1a1b38, grant_type=authorization_code, refresh_token_type=Refresh, scope='openid kubernetes registry email profile group isAdmin', refresh_token_id=884b3e67-d601-463e-b9f3-523a7e2c1dc4, code_id=27bc558f-f5cd-40e6-858c-d66fac8e5605, client_auth_method=client-secret
[0m[0m09:35:02,550 INFO  [org.apache.kafka.clients.producer.ProducerConfig] (default task-26) ProducerConfig values: 
	acks = 1
	batch.size = 16384
	bootstrap.servers = [kafka-1.hyperauth:9092, kafka-2.hyperauth:9092, kafka-3.hyperauth:9092]
	buffer.memory = 33554432
	client.dns.lookup = use_all_dns_ips
	client.id = producer-10
	compression.type = none
	connections.max.idle.ms = 540000
	delivery.timeout.ms = 120000
	enable.idempotence = false
	interceptor.classes = []
	internal.auto.downgrade.txn.commit = false
	key.serializer = class org.apache.kafka.common.serialization.StringSerializer
	linger.ms = 0
	max.block.ms = 60000
	max.in.flight.requests.per.connection = 5
	max.request.size = 1048576
	metadata.max.age.ms = 300000
	metadata.max.idle.ms = 300000
	metric.reporters = []
	metrics.num.samples = 2
	metrics.recording.level = INFO
	metrics.sample.window.ms = 30000
	partitioner.class = class org.apache.kafka.clients.producer.internals.DefaultPartitioner
	receive.buffer.bytes = 32768
	reconnect.backoff.max.ms = 1000
	reconnect.backoff.ms = 50
	request.timeout.ms = 30000
	retries = 2147483647
	retry.backoff.ms = 100
	sasl.client.callback.handler.class = null
	sasl.jaas.config = null
	sasl.kerberos.kinit.cmd = /usr/bin/kinit
	sasl.kerberos.min.time.before.relogin = 60000
	sasl.kerberos.service.name = null
	sasl.kerberos.ticket.renew.jitter = 0.05
	sasl.kerberos.ticket.renew.window.factor = 0.8
	sasl.login.callback.handler.class = null
	sasl.login.class = null
	sasl.login.refresh.buffer.seconds = 300
	sasl.login.refresh.min.period.seconds = 60
	sasl.login.refresh.window.factor = 0.8
	sasl.login.refresh.window.jitter = 0.05
	sasl.mechanism = GSSAPI
	security.protocol = SSL
	security.providers = null
	send.buffer.bytes = 131072
	ssl.cipher.suites = null
	ssl.enabled.protocols = [TLSv1.2, TLSv1.3]
	ssl.endpoint.identification.algorithm = https
	ssl.engine.factory.class = null
	ssl.key.password = [hidden]
	ssl.keymanager.algorithm = SunX509
	ssl.keystore.location = /etc/x509/kafka/hyperauth.keystore.jks
	ssl.keystore.password = [hidden]
	ssl.keystore.type = JKS
	ssl.protocol = TLSv1.3
	ssl.provider = null
	ssl.secure.random.implementation = null
	ssl.trustmanager.algorithm = PKIX
	ssl.truststore.location = /etc/x509/kafka/hyperauth.truststore.jks
	ssl.truststore.password = [hidden]
	ssl.truststore.type = JKS
	transaction.timeout.ms = 60000
	transactional.id = null
	value.serializer = class org.apache.kafka.common.serialization.StringSerializer

[0m[0m09:35:02,553 INFO  [org.apache.kafka.common.utils.AppInfoParser] (default task-26) Kafka version: 2.6.0
[0m[0m09:35:02,553 INFO  [org.apache.kafka.common.utils.AppInfoParser] (default task-26) Kafka commitId: 62abe01bee039651
[0m[0m09:35:02,554 INFO  [org.apache.kafka.common.utils.AppInfoParser] (default task-26) Kafka startTimeMs: 1611534902553
[0m[0m09:35:02,577 INFO  [org.apache.kafka.clients.Metadata] (kafka-producer-network-thread | producer-10) [Producer clientId=producer-10] Cluster ID: oLfUg2qVQRGOyeGus8SRQQ
[0m[0m09:35:02,598 INFO  [org.apache.kafka.clients.producer.KafkaProducer] (Thread-137) [Producer clientId=producer-10] Closing the Kafka producer with timeoutMillis = 9223372036854775807 ms.
[0m[0m09:35:27,819 INFO  [com.tmax.hyperauth.eventlistener.provider.HyperauthEventListenerProvider] (default task-26) Event Occurred:type=LOGIN, realmId=tmax, clientId=hypercloud4, userId=3c2f0ab5-5c6e-4739-b9db-877ebcfbcd29, ipAddress=192.168.6.115, sessionId=27bc558f-f5cd-40e6-858c-d66fac8e5605, time=1611534927819, auth_method=openid-connect, auth_type=code, response_type=code, redirect_uri=https://192.168.6.148/k8s/cluster/namespaces/monitoring/metering, consent=no_consent_required, code_id=27bc558f-f5cd-40e6-858c-d66fac8e5605, response_mode=fragment, username=admin@tmax.co.kr
[0m[0m09:35:27,819 INFO  [org.apache.kafka.clients.producer.ProducerConfig] (default task-26) ProducerConfig values: 
	acks = 1
	batch.size = 16384
	bootstrap.servers = [kafka-1.hyperauth:9092, kafka-2.hyperauth:9092, kafka-3.hyperauth:9092]
	buffer.memory = 33554432
	client.dns.lookup = use_all_dns_ips
	client.id = producer-11
	compression.type = none
	connections.max.idle.ms = 540000
	delivery.timeout.ms = 120000
	enable.idempotence = false
	interceptor.classes = []
	internal.auto.downgrade.txn.commit = false
	key.serializer = class org.apache.kafka.common.serialization.StringSerializer
	linger.ms = 0
	max.block.ms = 60000
	max.in.flight.requests.per.connection = 5
	max.request.size = 1048576
	metadata.max.age.ms = 300000
	metadata.max.idle.ms = 300000
	metric.reporters = []
	metrics.num.samples = 2
	metrics.recording.level = INFO
	metrics.sample.window.ms = 30000
	partitioner.class = class org.apache.kafka.clients.producer.internals.DefaultPartitioner
	receive.buffer.bytes = 32768
	reconnect.backoff.max.ms = 1000
	reconnect.backoff.ms = 50
	request.timeout.ms = 30000
	retries = 2147483647
	retry.backoff.ms = 100
	sasl.client.callback.handler.class = null
	sasl.jaas.config = null
	sasl.kerberos.kinit.cmd = /usr/bin/kinit
	sasl.kerberos.min.time.before.relogin = 60000
	sasl.kerberos.service.name = null
	sasl.kerberos.ticket.renew.jitter = 0.05
	sasl.kerberos.ticket.renew.window.factor = 0.8
	sasl.login.callback.handler.class = null
	sasl.login.class = null
	sasl.login.refresh.buffer.seconds = 300
	sasl.login.refresh.min.period.seconds = 60
	sasl.login.refresh.window.factor = 0.8
	sasl.login.refresh.window.jitter = 0.05
	sasl.mechanism = GSSAPI
	security.protocol = SSL
	security.providers = null
	send.buffer.bytes = 131072
	ssl.cipher.suites = null
	ssl.enabled.protocols = [TLSv1.2, TLSv1.3]
	ssl.endpoint.identification.algorithm = https
	ssl.engine.factory.class = null
	ssl.key.password = [hidden]
	ssl.keymanager.algorithm = SunX509
	ssl.keystore.location = /etc/x509/kafka/hyperauth.keystore.jks
	ssl.keystore.password = [hidden]
	ssl.keystore.type = JKS
	ssl.protocol = TLSv1.3
	ssl.provider = null
	ssl.secure.random.implementation = null
	ssl.trustmanager.algorithm = PKIX
	ssl.truststore.location = /etc/x509/kafka/hyperauth.truststore.jks
	ssl.truststore.password = [hidden]
	ssl.truststore.type = JKS
	transaction.timeout.ms = 60000
	transactional.id = null
	value.serializer = class org.apache.kafka.common.serialization.StringSerializer

[0m[0m09:35:27,821 INFO  [org.apache.kafka.common.utils.AppInfoParser] (default task-26) Kafka version: 2.6.0
[0m[0m09:35:27,821 INFO  [org.apache.kafka.common.utils.AppInfoParser] (default task-26) Kafka commitId: 62abe01bee039651
[0m[0m09:35:27,821 INFO  [org.apache.kafka.common.utils.AppInfoParser] (default task-26) Kafka startTimeMs: 1611534927821
[0m[0m09:35:27,842 INFO  [org.apache.kafka.clients.Metadata] (kafka-producer-network-thread | producer-11) [Producer clientId=producer-11] Cluster ID: oLfUg2qVQRGOyeGus8SRQQ
[0m[0m09:35:27,858 INFO  [org.apache.kafka.clients.producer.KafkaProducer] (Thread-138) [Producer clientId=producer-11] Closing the Kafka producer with timeoutMillis = 9223372036854775807 ms.
[0m[0m09:35:28,647 INFO  [com.tmax.hyperauth.eventlistener.provider.HyperauthEventListenerProvider] (default task-26) Event Occurred:type=CODE_TO_TOKEN, realmId=tmax, clientId=hypercloud4, userId=3c2f0ab5-5c6e-4739-b9db-877ebcfbcd29, ipAddress=192.168.6.115, sessionId=27bc558f-f5cd-40e6-858c-d66fac8e5605, time=1611534928646, token_id=d3f0cf0e-2027-4675-9c79-5dc460feb51b, grant_type=authorization_code, refresh_token_type=Refresh, scope='openid kubernetes registry email profile group isAdmin', refresh_token_id=901c899b-5e8b-4e41-8247-1e50addb144c, code_id=27bc558f-f5cd-40e6-858c-d66fac8e5605, client_auth_method=client-secret
[0m[0m09:35:28,648 INFO  [org.apache.kafka.clients.producer.ProducerConfig] (default task-26) ProducerConfig values: 
	acks = 1
	batch.size = 16384
	bootstrap.servers = [kafka-1.hyperauth:9092, kafka-2.hyperauth:9092, kafka-3.hyperauth:9092]
	buffer.memory = 33554432
	client.dns.lookup = use_all_dns_ips
	client.id = producer-12
	compression.type = none
	connections.max.idle.ms = 540000
	delivery.timeout.ms = 120000
	enable.idempotence = false
	interceptor.classes = []
	internal.auto.downgrade.txn.commit = false
	key.serializer = class org.apache.kafka.common.serialization.StringSerializer
	linger.ms = 0
	max.block.ms = 60000
	max.in.flight.requests.per.connection = 5
	max.request.size = 1048576
	metadata.max.age.ms = 300000
	metadata.max.idle.ms = 300000
	metric.reporters = []
	metrics.num.samples = 2
	metrics.recording.level = INFO
	metrics.sample.window.ms = 30000
	partitioner.class = class org.apache.kafka.clients.producer.internals.DefaultPartitioner
	receive.buffer.bytes = 32768
	reconnect.backoff.max.ms = 1000
	reconnect.backoff.ms = 50
	request.timeout.ms = 30000
	retries = 2147483647
	retry.backoff.ms = 100
	sasl.client.callback.handler.class = null
	sasl.jaas.config = null
	sasl.kerberos.kinit.cmd = /usr/bin/kinit
	sasl.kerberos.min.time.before.relogin = 60000
	sasl.kerberos.service.name = null
	sasl.kerberos.ticket.renew.jitter = 0.05
	sasl.kerberos.ticket.renew.window.factor = 0.8
	sasl.login.callback.handler.class = null
	sasl.login.class = null
	sasl.login.refresh.buffer.seconds = 300
	sasl.login.refresh.min.period.seconds = 60
	sasl.login.refresh.window.factor = 0.8
	sasl.login.refresh.window.jitter = 0.05
	sasl.mechanism = GSSAPI
	security.protocol = SSL
	security.providers = null
	send.buffer.bytes = 131072
	ssl.cipher.suites = null
	ssl.enabled.protocols = [TLSv1.2, TLSv1.3]
	ssl.endpoint.identification.algorithm = https
	ssl.engine.factory.class = null
	ssl.key.password = [hidden]
	ssl.keymanager.algorithm = SunX509
	ssl.keystore.location = /etc/x509/kafka/hyperauth.keystore.jks
	ssl.keystore.password = [hidden]
	ssl.keystore.type = JKS
	ssl.protocol = TLSv1.3
	ssl.provider = null
	ssl.secure.random.implementation = null
	ssl.trustmanager.algorithm = PKIX
	ssl.truststore.location = /etc/x509/kafka/hyperauth.truststore.jks
	ssl.truststore.password = [hidden]
	ssl.truststore.type = JKS
	transaction.timeout.ms = 60000
	transactional.id = null
	value.serializer = class org.apache.kafka.common.serialization.StringSerializer

[0m[0m09:35:28,656 INFO  [org.apache.kafka.common.utils.AppInfoParser] (default task-26) Kafka version: 2.6.0
[0m[0m09:35:28,656 INFO  [org.apache.kafka.common.utils.AppInfoParser] (default task-26) Kafka commitId: 62abe01bee039651
[0m[0m09:35:28,656 INFO  [org.apache.kafka.common.utils.AppInfoParser] (default task-26) Kafka startTimeMs: 1611534928655
[0m[0m09:35:28,684 INFO  [org.apache.kafka.clients.Metadata] (kafka-producer-network-thread | producer-12) [Producer clientId=producer-12] Cluster ID: oLfUg2qVQRGOyeGus8SRQQ
[0m[0m09:35:28,704 INFO  [org.apache.kafka.clients.producer.KafkaProducer] (Thread-139) [Producer clientId=producer-12] Closing the Kafka producer with timeoutMillis = 9223372036854775807 ms.
